[14.07.2022 15:44:18] Create new video file: C:\Users\micro\Documents\Win_Capture\Video\video1549616869.mp4
[14.07.2022 15:44:18] Start recording
[14.07.2022 15:44:20] Stop recording
[14.07.2022 20:59:49] Create new video file: C:\Users\micro\Documents\Win_Capture\Video\video-953935131.mp4
[14.07.2022 20:59:49] Start recording
[14.07.2022 20:59:50] Stop recording
[14.07.2022 21:00:47] Create new video file: C:\Users\micro\Documents\Win_Capture\Video\video1119831269.mp4
[14.07.2022 21:00:47] Start recording
[14.07.2022 21:00:49] Stop recording
[20.07.2022 11:16:15] Create new video file: C:\Users\micro\Documents\Win_Capture\Video\video1717218469.mp4
[20.07.2022 11:16:15] Start recording
[20.07.2022 11:16:20] Stop recording
[20.07.2022 12:24:22] Create new video file: C:\Users\micro\Documents\Win_Capture\Video\video1692201637.mp4
[20.07.2022 12:24:22] Start recording
[20.07.2022 12:24:37] Stop recording
[20.07.2022 12:24:38] Stop recording
[20.07.2022 12:24:42] Stop recording
[20.07.2022 12:29:01] Create new video file: C:\Users\micro\Documents\Win_Capture\Video\video-2071716763.mp4
[20.07.2022 12:29:01] Start recording
[20.07.2022 12:29:10] Stop recording
[20.07.2022 12:29:40] Create new video file: C:\Users\micro\Documents\Win_Capture\Video\video-324729883.mp4
[20.07.2022 12:29:40] Start recording
[20.07.2022 12:29:43] Stop recording
[20.07.2022 12:30:06] Create new video file: C:\Users\micro\Documents\Win_Capture\Video\video1443622373.mp4
[20.07.2022 12:30:06] Start recording
[20.07.2022 12:30:25] Stop recording
[20.07.2022 12:31:47] Create new video file: C:\Users\micro\Documents\Win_Capture\Video\video46224805.mp4
[20.07.2022 12:31:47] Start recording
[20.07.2022 12:31:54] Create new video file: C:\Users\micro\Documents\Win_Capture\Video\video871377893.mp4
[20.07.2022 12:31:54] Start recording
[20.07.2022 12:31:59] Stop recording
[20.07.2022 12:33:05] Create new video file: C:\Users\micro\Documents\Win_Capture\Video\video-366994011.mp4
[20.07.2022 12:33:05] Start recording
[20.07.2022 12:33:28] Stop recording
[20.07.2022 12:34:03] Create new video file: C:\Users\micro\Documents\Win_Capture\Video\video-725191771.mp4
[20.07.2022 12:34:03] Start recording
[20.07.2022 12:34:16] Stop recording
[20.07.2022 12:36:20] Create new video file: C:\Users\micro\Documents\Win_Capture\Video\video1927718629.mp4
[20.07.2022 12:36:20] Start recording
[20.07.2022 12:36:30] Stop recording
[20.07.2022 12:37:10] Create new video file: C:\Users\micro\Documents\Win_Capture\Video\video722449893.mp4
[20.07.2022 12:37:10] Start recording
[20.07.2022 12:37:21] Stop recording
[20.07.2022 12:41:29] Create new video file: C:\Users\micro\Documents\Win_Capture\Video\video-497245083.mp4
[20.07.2022 12:41:29] Start recording
[20.07.2022 12:41:47] Stop recording
[20.07.2022 12:42:17] Create new video file: C:\Users\micro\Documents\Win_Capture\Video\video-937321499.mp4
[20.07.2022 12:42:17] Start recording
[20.07.2022 12:42:33] Stop recording
[20.07.2022 12:42:39] Stop recording
[20.07.2022 12:44:38] Create new video file: C:\Users\micro\Documents\Win_Capture\Video\video106268645.mp4
[20.07.2022 12:44:38] Start recording
[20.07.2022 12:44:51] Stop recording
[20.07.2022 12:46:27] Create new video file: C:\Users\micro\Documents\Win_Capture\Video\video112318437.mp4
[20.07.2022 12:46:27] Start recording
[20.07.2022 12:46:38] Stop recording
[20.07.2022 12:46:49] Stop recording
[20.07.2022 12:49:17] Create new video file: C:\Users\micro\Documents\Win_Capture\Video\video1414844005.mp4
[20.07.2022 12:49:17] Start recording
[20.07.2022 12:49:21] Stop recording
[20.07.2022 12:49:26] Stop recording
[21.07.2022 11:18:58] Create new video file: C:\Users\micro\Documents\Win_Capture\Video\video1373302693.mp4
[21.07.2022 11:18:58] Start recording
[21.07.2022 11:19:18] Stop recording
[21.07.2022 11:26:05] Create new video file: C:\Users\micro\Documents\Win_Capture\Video\video536383461.mp4
[21.07.2022 11:26:05] Start recording
[21.07.2022 11:26:14] Stop recording
[21.07.2022 11:29:25] Create new video file: C:\Users\micro\Documents\Win_Capture\Video\video724461349.mp4
[21.07.2022 11:29:25] Start recording
[21.07.2022 11:29:51] Stop recording
[21.07.2022 11:42:41] Create new video file: C:\Users\micro\Documents\Win_Capture\Video\video-94860507.mp4
[21.07.2022 11:42:41] Start recording
[21.07.2022 11:42:51] Stop recording
[21.07.2022 11:44:20] Create new video file: C:\Users\micro\Documents\Win_Capture\Video\video-390949339.mp4
[21.07.2022 11:44:20] Start recording
[21.07.2022 11:44:36] Stop recording
[21.07.2022 11:45:51] Create new video file: C:\Users\micro\Documents\Win_Capture\Video\video-252250331.mp4
[21.07.2022 11:45:51] Start recording
[21.07.2022 11:45:55] Stop recording
[21.07.2022 11:48:00] Create new video file: C:\Users\micro\Documents\Win_Capture\Video\video2012349477.mp4
[21.07.2022 11:48:00] Start recording
[21.07.2022 11:49:07] Stop recording
[21.07.2022 11:53:05] Create new video file: C:\Users\micro\Documents\Win_Capture\Video\video-1022096987.mp4
[21.07.2022 11:53:05] Start recording
[21.07.2022 11:53:09] Stop recording
[21.07.2022 12:04:10] Create new video file: C:\Users\micro\Documents\Win_Capture\Video\video-1825733787.mp4
[21.07.2022 12:04:10] Start recording
[21.07.2022 12:04:14] Stop recording
[23.07.2022 1:53:27] Create new video file: C:\Users\micro\Documents\Win_Capture\Video\video-1011324635.mp4
[23.07.2022 1:53:27] Start recording
[23.07.2022 1:53:30] Pause
[23.07.2022 1:53:33] Resume
[23.07.2022 1:55:04] Create new video file: C:\Users\micro\Documents\Win_Capture\Video\video-934258843.mp4
[23.07.2022 1:55:04] Start recording
[23.07.2022 1:55:06] Pause
[23.07.2022 1:55:07] Resume
[23.07.2022 1:55:17] Stop recording
[23.07.2022 1:58:22] Create new video file: C:\Users\micro\Documents\Win_Capture\Video\video-2021847195.mp4
[23.07.2022 1:58:22] Start recording
[23.07.2022 1:58:25] Pause
[23.07.2022 1:58:29] Resume
[23.07.2022 1:58:35] Pause
[23.07.2022 1:58:38] Stop recording
[23.07.2022 1:59:06] Create new video file: C:\Users\micro\Documents\Win_Capture\Video\video196038053.mp4
[23.07.2022 1:59:06] Start recording
[23.07.2022 1:59:10] Pause
[23.07.2022 1:59:15] Resume
[23.07.2022 1:59:19] Stop recording
[23.07.2022 2:00:45] Create new video file: C:\Users\micro\Documents\Win_Capture\Video\video-964778459.mp4
[23.07.2022 2:00:45] Start recording
[23.07.2022 2:00:51] Pause
[23.07.2022 2:00:55] Stop recording
[23.07.2022 2:01:16] Create new video file: C:\Users\micro\Documents\Win_Capture\Video\video-1290154395.mp4
[23.07.2022 2:01:16] Start recording
[23.07.2022 2:01:23] Pause
[23.07.2022 2:01:27] Resume
[23.07.2022 2:01:32] Stop recording
[23.07.2022 2:05:19] Create new video file: C:\Users\micro\Documents\Win_Capture\Video\video104062885.mp4
[23.07.2022 2:05:19] Start recording
[23.07.2022 2:05:25] Stop recording
[23.07.2022 2:07:01] Create new video file: C:\Users\micro\Documents\Win_Capture\Video\video-258413659.mp4
[23.07.2022 2:07:01] Start recording
[23.07.2022 2:07:05] Stop recording
[23.07.2022 4:40:58] Create new video file: C:\Users\micro\Documents\Win_Capture\Video\video475674021.mp4
[23.07.2022 4:40:58] Start recording
[23.07.2022 4:41:06] Pause
[23.07.2022 4:41:08] Resume
[23.07.2022 4:41:11] Stop recording
[23.07.2022 6:24:34] Create new video file: C:\Users\micro\Documents\Win_Capture\Video\video-1237152795.mp4
[23.07.2022 6:24:35] Start recording
[23.07.2022 6:24:43] Pause
[23.07.2022 6:24:45] Stop recording
[24.07.2022 14:37:12] Create new video file: C:\Users\micro\Documents\Win_Capture\Video\video-1120886043-1120886043.mp4
[24.07.2022 14:37:12] Start recording
[24.07.2022 14:37:16] Stop recording
[25.07.2022 14:03:03] Create new video file: C:\Users\micro\Documents\Win_Capture\Video\video-1325299163-1325299163.mp4
[25.07.2022 14:03:03] Start recording
[25.07.2022 14:03:04] Stop recording
[25.07.2022 14:05:43] Create new video file: C:\Users\micro\Documents\Win_Capture\Video\video-570944027-570944027.mp4
[25.07.2022 14:05:43] Start recording
[25.07.2022 14:05:44] Stop recording
[25.07.2022 14:05:45] Create new video file: C:\Users\micro\Documents\Win_Capture\Video\video-163901659-163901659.mp4
[25.07.2022 14:05:45] Start recording
[25.07.2022 14:05:47] Stop recording
[25.07.2022 14:05:48] Create new video file: C:\Users\micro\Documents\Win_Capture\Video\video-1534026459-1534026459.mp4
[25.07.2022 14:05:48] Start recording
[25.07.2022 14:05:50] Stop recording
[25.07.2022 14:05:51] Create new video file: C:\Users\micro\Documents\Win_Capture\Video\video-56478299-56478299.mp4
[25.07.2022 14:05:51] Start recording
[25.07.2022 14:05:54] Stop recording
[25.07.2022 14:10:10] Create new video file: C:\Users\micro\Documents\Win_Capture\Video\video-1640131739-1640131739.mp4
[25.07.2022 14:10:10] Start recording
[25.07.2022 14:10:11] Stop recording
[25.07.2022 14:10:17] Create new video file: C:\Users\micro\Documents\Win_Capture\Video\video-1067312411-1067312411.mp4
[25.07.2022 14:10:17] Start recording
[25.07.2022 14:10:19] Stop recording
[25.07.2022 14:11:19] Create new video file: C:\Users\micro\Documents\Win_Capture\Video\video844416677844416677.mp4
[25.07.2022 14:11:19] Start recording
[25.07.2022 14:11:20] Stop recording
[25.07.2022 14:11:22] Create new video file: C:\Users\micro\Documents\Win_Capture\Video\video877556709877556709.mp4
[25.07.2022 14:11:22] Start recording
[25.07.2022 14:11:26] Stop recording
[25.07.2022 14:11:28] Create new video file: C:\Users\micro\Documents\Win_Capture\Video\video18034263411803426341.mp4
[25.07.2022 14:11:28] Start recording
[25.07.2022 14:11:32] Stop recording
[25.07.2022 14:11:59] Create new video file: C:\Users\micro\Documents\Win_Capture\Video\video-797480219-797480219.mp4
[25.07.2022 14:11:59] Start recording
[25.07.2022 14:12:38] Stop recording
[25.07.2022 14:14:12] Create new video file: C:\Users\micro\Documents\Win_Capture\Video\video-1197650267-1197650267.mp4
[25.07.2022 14:14:12] Start recording
[25.07.2022 14:14:25] Stop recording
[25.07.2022 14:14:47] Create new video file: C:\Users\micro\Documents\Win_Capture\Video\video16019165811601916581.mp4
[25.07.2022 14:14:47] Start recording
[25.07.2022 14:14:56] Stop recording
[25.07.2022 14:14:59] Create new video file: C:\Users\micro\Documents\Win_Capture\Video\video-1336575003-1336575003.mp4
[25.07.2022 14:14:59] Start recording
[25.07.2022 14:15:05] Stop recording
[25.07.2022 14:15:09] Create new video file: C:\Users\micro\Documents\Win_Capture\Video\video-176527003-176527003.mp4
[25.07.2022 14:15:09] Start recording
[25.07.2022 14:15:12] Pause
[25.07.2022 14:15:14] Resume
[25.07.2022 14:15:18] Stop recording
[25.07.2022 14:52:19] Create new video file: C:\Users\micro\Documents\Win_Capture\Video\video-1489308507-1489308507.mp4
[25.07.2022 14:52:19] Start recording
[25.07.2022 14:52:21] Stop recording
[25.07.2022 14:53:49] Create new video file: C:\Users\micro\Documents\Win_Capture\Video\video-563154203-563154203.mp4
[25.07.2022 14:53:49] Start recording
[25.07.2022 14:53:52] Stop recording
[25.07.2022 14:53:59] Create new video file: C:\Users\micro\Documents\Win_Capture\Video\video-1104120603-1104120603.mp4
[25.07.2022 14:53:59] Start recording
[25.07.2022 14:55:08] Create new video file: C:\Users\micro\Documents\Win_Capture\Video\video205009957205009957.mp4
[25.07.2022 14:55:08] Start recording
[25.07.2022 14:55:10] Stop recording
[25.07.2022 14:55:11] Create new video file: C:\Users\micro\Documents\Win_Capture\Video\video-239531995-239531995.mp4
[25.07.2022 14:55:11] Start recording
[25.07.2022 14:55:15] Stop recording
[25.07.2022 14:56:00] Create new video file: C:\Users\micro\Documents\Win_Capture\Video\video911153445911153445.mp4
[25.07.2022 14:56:00] Start recording
[25.07.2022 14:56:06] Stop recording
[25.07.2022 14:56:08] Create new video file: C:\Users\micro\Documents\Win_Capture\Video\video20372250612037225061.mp4
[25.07.2022 14:56:08] Start recording
[25.07.2022 14:56:10] Stop recording
[25.07.2022 14:56:11] Pause
[25.07.2022 14:56:12] Resume
[25.07.2022 14:56:13] Pause
[25.07.2022 14:56:13] Resume
[25.07.2022 14:56:13] Pause
[25.07.2022 14:56:13] Resume
[26.07.2022 12:00:39] Create new video file: C:\Users\micro\Documents\Win_Capture\Video\video17631050611763105061.mp4
[26.07.2022 12:00:39] Start recording
[26.07.2022 12:00:40] Pause
[26.07.2022 12:00:42] Resume
[26.07.2022 12:00:44] Stop recording
[26.07.2022 12:02:09] Create new video file: C:\Users\micro\Documents\Win_Capture\Video\video-418422491-418422491.mp4
[26.07.2022 12:02:09] Start recording
[26.07.2022 12:02:10] Pause
[26.07.2022 12:02:11] Resume
[26.07.2022 12:02:12] Stop recording
[26.07.2022 12:02:34] Create new video file: C:\Users\micro\Documents\Win_Capture\Video\video2468963724689637.mp4
[26.07.2022 12:02:34] Start recording
[26.07.2022 12:02:37] Pause
[26.07.2022 12:02:40] Resume
[26.07.2022 12:02:45] Stop recording
[26.07.2022 12:04:36] Create new video file: C:\Users\micro\Documents\Win_Capture\Video\video-1325969819-1325969819.mp4
[26.07.2022 12:04:37] Start recording
[26.07.2022 12:04:41] Pause
[26.07.2022 12:04:44] Resume
[26.07.2022 12:04:48] Pause
[26.07.2022 12:04:51] Resume
[26.07.2022 12:04:55] Pause
[26.07.2022 12:04:58] Resume
[26.07.2022 12:04:59] Stop recording
[26.07.2022 12:12:26] Create new video file: C:\Users\micro\Documents\Win_Capture\Video\video10526423411052642341.mp4
[26.07.2022 12:12:26] Start recording
[26.07.2022 12:12:28] Pause
[26.07.2022 12:12:30] Resume
[26.07.2022 12:12:31] Stop recording
[26.07.2022 12:17:16] Create new video file: C:\Users\micro\Documents\Win_Capture\Video\video-711331355-711331355.mp4
[26.07.2022 12:17:16] Start recording
[26.07.2022 12:17:18] Pause
[26.07.2022 12:17:20] Resume
[26.07.2022 12:17:21] Stop recording
[31.07.2022 10:49:33] Create new video file: C:\Users\micro\Documents\Win_Capture\Video\video-1780330971-1780330971.mp4
[31.07.2022 10:49:33] Start recording
[31.07.2022 10:49:35] Stop recording
[31.07.2022 13:08:24] Create new video file: C:\Users\micro\Documents\Win_Capture\Video\video954235813954235813.mp4
[31.07.2022 13:08:24] Start recording
[31.07.2022 13:08:26] Pause
[31.07.2022 13:08:27] Resume
[31.07.2022 13:08:30] Stop recording
[31.07.2022 13:08:31] Create new video file: C:\Users\micro\Documents\Win_Capture\Video\video-246200923-246200923.mp4
[31.07.2022 13:08:31] Start recording
[31.07.2022 13:08:34] Stop recording
[01.08.2022 12:27:08] Create new video file: C:\Users\micro\Documents\Win_Capture\Video\video-836053595-836053595.mp4
[01.08.2022 12:27:08] Start recording
[01.08.2022 12:27:09] Stop recording
[01.08.2022 12:55:57] Create new video file: C:\Users\micro\Documents\Win_Capture\Video\video365550309.mp4
[01.08.2022 12:55:57] Start recording
[01.08.2022 12:56:00] Stop recording
